# JRE version: Java(TM) SE Runtime Environment (8.0_221-b11) (build 1.8.0_221-b11)
# Java VM: Java HotSpot(TM) 64-Bit Server VM (25.221-b11 mixed mode windows-amd64 compressed oops)
Heap:
 PSYoungGen      total 285696K, used 62447K [0x000000076b400000, 0x000000077e700000, 0x00000007c0000000)
  eden space 268288K, 23% used [0x000000076b400000,0x000000076f0fbef0,0x000000077ba00000)
  from space 17408K, 0% used [0x000000077c500000,0x000000077c500000,0x000000077d600000)
  to   space 14336K, 0% used [0x000000077d900000,0x000000077d900000,0x000000077e700000)
 ParOldGen       total 200192K, used 27794K [0x00000006c1c00000, 0x00000006cdf80000, 0x000000076b400000)
  object space 200192K, 13% used [0x00000006c1c00000,0x00000006c3724a98,0x00000006cdf80000)
 Metaspace       used 58746K, capacity 62166K, committed 62464K, reserved 1103872K
  class space    used 7986K, capacity 8593K, committed 8704K, reserved 1048576K
GC Heap History (10 events):
Event: 3.820 GC heap before
{Heap before GC invocations=8 (full 1):
 PSYoungGen      total 188928K, used 66294K [0x000000076b400000, 0x0000000779000000, 0x00000007c0000000)
  eden space 177664K, 30% used [0x000000076b400000,0x000000076e9be228,0x0000000776180000)
  from space 11264K, 99% used [0x0000000776f80000,0x0000000777a7f640,0x0000000777a80000)
  to   space 14336K, 0% used [0x0000000776180000,0x0000000776180000,0x0000000776f80000)
 ParOldGen       total 90624K, used 7639K [0x00000006c1c00000, 0x00000006c7480000, 0x000000076b400000)
  object space 90624K, 8% used [0x00000006c1c00000,0x00000006c2375d00,0x00000006c7480000)
 Metaspace       used 33303K, capacity 35328K, committed 35416K, reserved 1079296K
  class space    used 4386K, capacity 4790K, committed 4864K, reserved 1048576K
Event: 3.828 GC heap after
Heap after GC invocations=8 (full 1):
 PSYoungGen      total 192000K, used 9222K [0x000000076b400000, 0x000000077e700000, 0x00000007c0000000)
  eden space 177664K, 0% used [0x000000076b400000,0x000000076b400000,0x0000000776180000)
  from space 14336K, 64% used [0x0000000776180000,0x0000000776a818d0,0x0000000776f80000)
  to   space 14336K, 0% used [0x000000077d900000,0x000000077d900000,0x000000077e700000)
 ParOldGen       total 90624K, used 7647K [0x00000006c1c00000, 0x00000006c7480000, 0x000000076b400000)
  object space 90624K, 8% used [0x00000006c1c00000,0x00000006c2377d00,0x00000006c7480000)
 Metaspace       used 33303K, capacity 35328K, committed 35416K, reserved 1079296K
  class space    used 4386K, capacity 4790K, committed 4864K, reserved 1048576K
}
Event: 3.828 GC heap before
{Heap before GC invocations=9 (full 2):
 PSYoungGen      total 192000K, used 9222K [0x000000076b400000, 0x000000077e700000, 0x00000007c0000000)
  eden space 177664K, 0% used [0x000000076b400000,0x000000076b400000,0x0000000776180000)
  from space 14336K, 64% used [0x0000000776180000,0x0000000776a818d0,0x0000000776f80000)
  to   space 14336K, 0% used [0x000000077d900000,0x000000077d900000,0x000000077e700000)
 ParOldGen       total 90624K, used 7647K [0x00000006c1c00000, 0x00000006c7480000, 0x000000076b400000)
  object space 90624K, 8% used [0x00000006c1c00000,0x00000006c2377d00,0x00000006c7480000)
 Metaspace       used 33303K, capacity 35328K, committed 35416K, reserved 1079296K
  class space    used 4386K, capacity 4790K, committed 4864K, reserved 1048576K
Event: 3.873 GC heap after
Heap after GC invocations=9 (full 2):
 PSYoungGen      total 192000K, used 0K [0x000000076b400000, 0x000000077e700000, 0x00000007c0000000)
  eden space 177664K, 0% used [0x000000076b400000,0x000000076b400000,0x0000000776180000)
  from space 14336K, 0% used [0x0000000776180000,0x0000000776180000,0x0000000776f80000)
  to   space 14336K, 0% used [0x000000077d900000,0x000000077d900000,0x000000077e700000)
 ParOldGen       total 137728K, used 14041K [0x00000006c1c00000, 0x00000006ca280000, 0x000000076b400000)
  object space 137728K, 10% used [0x00000006c1c00000,0x00000006c29b6590,0x00000006ca280000)
 Metaspace       used 33303K, capacity 35328K, committed 35416K, reserved 1079296K
  class space    used 4386K, capacity 4790K, committed 4864K, reserved 1048576K
}
Event: 5.112 GC heap before
{Heap before GC invocations=10 (full 2):
 PSYoungGen      total 192000K, used 177664K [0x000000076b400000, 0x000000077e700000, 0x00000007c0000000)
  eden space 177664K, 100% used [0x000000076b400000,0x0000000776180000,0x0000000776180000)
  from space 14336K, 0% used [0x0000000776180000,0x0000000776180000,0x0000000776f80000)
  to   space 14336K, 0% used [0x000000077d900000,0x000000077d900000,0x000000077e700000)
 ParOldGen       total 137728K, used 14041K [0x00000006c1c00000, 0x00000006ca280000, 0x000000076b400000)
  object space 137728K, 10% used [0x00000006c1c00000,0x00000006c29b6590,0x00000006ca280000)
 Metaspace       used 47863K, capacity 50544K, committed 50688K, reserved 1093632K
  class space    used 6361K, capacity 6860K, committed 6912K, reserved 1048576K
Event: 5.126 GC heap after
Heap after GC invocations=10 (full 2):
 PSYoungGen      total 282624K, used 14325K [0x000000076b400000, 0x000000077e700000, 0x00000007c0000000)
  eden space 268288K, 0% used [0x000000076b400000,0x000000076b400000,0x000000077ba00000)
  from space 14336K, 99% used [0x000000077d900000,0x000000077e6fd628,0x000000077e700000)
  to   space 17408K, 0% used [0x000000077c500000,0x000000077c500000,0x000000077d600000)
 ParOldGen       total 137728K, used 16408K [0x00000006c1c00000, 0x00000006ca280000, 0x000000076b400000)
  object space 137728K, 11% used [0x00000006c1c00000,0x00000006c2c06120,0x00000006ca280000)
 Metaspace       used 47863K, capacity 50544K, committed 50688K, reserved 1093632K
  class space    used 6361K, capacity 6860K, committed 6912K, reserved 1048576K
}
Event: 5.907 GC heap before
{Heap before GC invocations=11 (full 2):
 PSYoungGen      total 282624K, used 131159K [0x000000076b400000, 0x000000077e700000, 0x00000007c0000000)
  eden space 268288K, 43% used [0x000000076b400000,0x00000007726186e8,0x000000077ba00000)
  from space 14336K, 99% used [0x000000077d900000,0x000000077e6fd628,0x000000077e700000)
  to   space 17408K, 0% used [0x000000077c500000,0x000000077c500000,0x000000077d600000)
 ParOldGen       total 137728K, used 16408K [0x00000006c1c00000, 0x00000006ca280000, 0x000000076b400000)
  object space 137728K, 11% used [0x00000006c1c00000,0x00000006c2c06120,0x00000006ca280000)
 Metaspace       used 56084K, capacity 58948K, committed 59028K, reserved 1099776K
  class space    used 7596K, capacity 8118K, committed 8192K, reserved 1048576K
Event: 5.920 GC heap after
Heap after GC invocations=11 (full 2):
 PSYoungGen      total 285696K, used 16644K [0x000000076b400000, 0x000000077e700000, 0x00000007c0000000)
  eden space 268288K, 0% used [0x000000076b400000,0x000000076b400000,0x000000077ba00000)
  from space 17408K, 95% used [0x000000077c500000,0x000000077d541380,0x000000077d600000)
  to   space 14336K, 0% used [0x000000077d900000,0x000000077d900000,0x000000077e700000)
 ParOldGen       total 137728K, used 16416K [0x00000006c1c00000, 0x00000006ca280000, 0x000000076b400000)
  object space 137728K, 11% used [0x00000006c1c00000,0x00000006c2c08120,0x00000006ca280000)
 Metaspace       used 56084K, capacity 58948K, committed 59028K, reserved 1099776K
  class space    used 7596K, capacity 8118K, committed 8192K, reserved 1048576K
}
Event: 5.920 GC heap before
{Heap before GC invocations=12 (full 3):
 PSYoungGen      total 285696K, used 16644K [0x000000076b400000, 0x000000077e700000, 0x00000007c0000000)
  eden space 268288K, 0% used [0x000000076b400000,0x000000076b400000,0x000000077ba00000)
  from space 17408K, 95% used [0x000000077c500000,0x000000077d541380,0x000000077d600000)
  to   space 14336K, 0% used [0x000000077d900000,0x000000077d900000,0x000000077e700000)
 ParOldGen       total 137728K, used 16416K [0x00000006c1c00000, 0x00000006ca280000, 0x000000076b400000)
  object space 137728K, 11% used [0x00000006c1c00000,0x00000006c2c08120,0x00000006ca280000)
 Metaspace       used 56084K, capacity 58948K, committed 59028K, reserved 1099776K
  class space    used 7596K, capacity 8118K, committed 8192K, reserved 1048576K
Event: 6.063 GC heap after
Heap after GC invocations=12 (full 3):
 PSYoungGen      total 285696K, used 0K [0x000000076b400000, 0x000000077e700000, 0x00000007c0000000)
  eden space 268288K, 0% used [0x000000076b400000,0x000000076b400000,0x000000077ba00000)
  from space 17408K, 0% used [0x000000077c500000,0x000000077c500000,0x000000077d600000)
  to   space 14336K, 0% used [0x000000077d900000,0x000000077d900000,0x000000077e700000)
 ParOldGen       total 200192K, used 27794K [0x00000006c1c00000, 0x00000006cdf80000, 0x000000076b400000)
  object space 200192K, 13% used [0x00000006c1c00000,0x00000006c3724a98,0x00000006cdf80000)
 Metaspace       used 56084K, capacity 58948K, committed 59028K, reserved 1099776K
  class space    used 7596K, capacity 8118K, committed 8192K, reserved 1048576K
}

